This file contains any messages produced by compilers while
running configure, to aid debugging if configure makes a mistake.

It was created by stm32f4_bin configure 1.0, which was
generated by GNU Autoconf 2.69.  Invocation command line was

  $ ./configure --host=arm

## --------- ##
## Platform. ##
## --------- ##

hostname = evildva
uname -m = x86_64
uname -r = 5.2.0-050200rc6-generic
uname -s = Linux
uname -v = #201906222033 SMP Sun Jun 23 00:36:46 UTC 2019

/usr/bin/uname -p = unknown
/bin/uname -X     = unknown

/bin/arch              = unknown
/usr/bin/arch -k       = unknown
/usr/convex/getsysinfo = unknown
/usr/bin/hostinfo      = unknown
/bin/machine           = unknown
/usr/bin/oslevel       = unknown
/bin/universe          = unknown

PATH: /usr/local/sbin
PATH: /usr/local/bin
PATH: /usr/sbin
PATH: /usr/bin
PATH: /sbin
PATH: /bin
PATH: /usr/games
PATH: /usr/local/games
PATH: /home/guil/Downloads/jre1.8
PATH: /snap/bin


## ----------- ##
## Core tests. ##
## ----------- ##

configure:2269: checking for a BSD-compatible install
configure:2337: result: /usr/bin/install -c
configure:2348: checking whether build environment is sane
configure:2403: result: yes
configure:2462: checking for arm-strip
configure:2492: result: no
configure:2502: checking for strip
configure:2518: found /usr/bin/strip
configure:2529: result: strip
configure:2554: checking for a thread-safe mkdir -p
configure:2593: result: /bin/mkdir -p
configure:2600: checking for gawk
configure:2630: result: no
configure:2600: checking for mawk
configure:2616: found /usr/bin/mawk
configure:2627: result: mawk
configure:2638: checking whether make sets $(MAKE)
configure:2660: result: yes
configure:2689: checking whether make supports nested variables
configure:2706: result: yes
configure:2843: checking for arm-arm-none-eabi-gcc
configure:2873: result: no
configure:2887: checking for arm-none-eabi-gcc
configure:2903: found /usr/bin/arm-none-eabi-gcc
configure:2914: result: arm-none-eabi-gcc
configure:2945: checking for C compiler version
configure:2954: arm-none-eabi-gcc --version >&5
arm-none-eabi-gcc (15:6.3.1+svn253039-1build1) 6.3.1 20170620
Copyright (C) 2016 Free Software Foundation, Inc.
This is free software; see the source for copying conditions.  There is NO
warranty; not even for MERCHANTABILITY or FITNESS FOR A PARTICULAR PURPOSE.

configure:2965: $? = 0
configure:2954: arm-none-eabi-gcc -v >&5
Using built-in specs.
COLLECT_GCC=arm-none-eabi-gcc
COLLECT_LTO_WRAPPER=/usr/lib/gcc/arm-none-eabi/6.3.1/lto-wrapper
Target: arm-none-eabi
Configured with: ../src/configure --build=x86_64-linux-gnu --prefix=/usr --includedir='/usr/lib/include' --mandir='/usr/lib/share/man' --infodir='/usr/lib/share/info' --sysconfdir=/etc --localstatedir=/var --disable-silent-rules --libdir='/usr/lib/lib/x86_64-linux-gnu' --libexecdir='/usr/lib/lib/x86_64-linux-gnu' --disable-maintainer-mode --disable-dependency-tracking --mandir=/usr/share/man --enable-languages=c,c++,lto --enable-multilib --disable-decimal-float --disable-libffi --disable-libgomp --disable-libmudflap --disable-libquadmath --disable-libssp --disable-libstdcxx-pch --disable-nls --disable-shared --disable-threads --disable-tls --build=x86_64-linux-gnu --target=arm-none-eabi --with-system-zlib --with-gnu-as --with-gnu-ld --with-pkgversion=15:6.3.1+svn253039-1build1 --without-included-gettext --prefix=/usr/lib --infodir=/usr/share/doc/gcc-arm-none-eabi/info --htmldir=/usr/share/doc/gcc-arm-none-eabi/html --pdfdir=/usr/share/doc/gcc-arm-none-eabi/pdf --bindir=/usr/bin --libexecdir=/usr/lib --libdir=/usr/lib --disable-libstdc++-v3 --host=x86_64-linux-gnu --with-headers=no --without-newlib --with-multilib-list=rmprofile CFLAGS='-g -O2 -fdebug-prefix-map=/build/gcc-arm-none-eabi-iopiMw/gcc-arm-none-eabi-6.3.1+svn253039=. -fstack-protector-strong' CPPFLAGS='-Wdate-time -D_FORTIFY_SOURCE=2' CXXFLAGS='-g -O2 -fdebug-prefix-map=/build/gcc-arm-none-eabi-iopiMw/gcc-arm-none-eabi-6.3.1+svn253039=. -fstack-protector-strong' FCFLAGS='-g -O2 -fdebug-prefix-map=/build/gcc-arm-none-eabi-iopiMw/gcc-arm-none-eabi-6.3.1+svn253039=. -fstack-protector-strong' FFLAGS='-g -O2 -fdebug-prefix-map=/build/gcc-arm-none-eabi-iopiMw/gcc-arm-none-eabi-6.3.1+svn253039=. -fstack-protector-strong' GCJFLAGS='-g -O2 -fdebug-prefix-map=/build/gcc-arm-none-eabi-iopiMw/gcc-arm-none-eabi-6.3.1+svn253039=. -fstack-protector-strong' LDFLAGS='-Wl,-Bsymbolic-functions -Wl,-z,relro' OBJCFLAGS='-g -O2 -fdebug-prefix-map=/build/gcc-arm-none-eabi-iopiMw/gcc-arm-none-eabi-6.3.1+svn253039=. -fstack-protector-strong' OBJCXXFLAGS='-g -O2 -fdebug-prefix-map=/build/gcc-arm-none-eabi-iopiMw/gcc-arm-none-eabi-6.3.1+svn253039=. -fstack-protector-strong' INHIBIT_LIBC_CFLAGS=-DUSE_TM_CLONE_REGISTRY=0 AR_FOR_TARGET=arm-none-eabi-ar AS_FOR_TARGET=arm-none-eabi-as LD_FOR_TARGET=arm-none-eabi-ld NM_FOR_TARGET=arm-none-eabi-nm OBJDUMP_FOR_TARGET=arm-none-eabi-objdump RANLIB_FOR_TARGET=arm-none-eabi-ranlib READELF_FOR_TARGET=arm-none-eabi-readelf STRIP_FOR_TARGET=arm-none-eabi-strip
Thread model: single
gcc version 6.3.1 20170620 (15:6.3.1+svn253039-1build1) 
configure:2965: $? = 0
configure:2985: checking whether the C compiler works
configure:3007: arm-none-eabi-gcc --specs=nosys.specs -mcpu=cortex-m4 -mthumb -mno-thumb-interwork -mfpu=vfp -msoft-float -mfix-cortex-m3-ldrd   conftest.c  >&5
configure:3011: $? = 0
configure:3059: result: yes
configure:3062: checking for C compiler default output file name
configure:3064: result: a.out
configure:3070: checking for suffix of executables
configure:3077: arm-none-eabi-gcc -o conftest --specs=nosys.specs -mcpu=cortex-m4 -mthumb -mno-thumb-interwork -mfpu=vfp -msoft-float -mfix-cortex-m3-ldrd   conftest.c  >&5
configure:3081: $? = 0
configure:3103: result: 
configure:3125: checking whether we are cross compiling
configure:3133: arm-none-eabi-gcc -o conftest --specs=nosys.specs -mcpu=cortex-m4 -mthumb -mno-thumb-interwork -mfpu=vfp -msoft-float -mfix-cortex-m3-ldrd   conftest.c  >&5
configure:3137: $? = 0
configure:3144: ./conftest
./configure: line 3146: ./conftest: cannot execute binary file: Exec format error
configure:3148: $? = 126
configure:3163: result: yes
configure:3168: checking for suffix of object files
configure:3190: arm-none-eabi-gcc -c --specs=nosys.specs -mcpu=cortex-m4 -mthumb -mno-thumb-interwork -mfpu=vfp -msoft-float -mfix-cortex-m3-ldrd  conftest.c >&5
configure:3194: $? = 0
configure:3215: result: o
configure:3219: checking whether we are using the GNU C compiler
configure:3238: arm-none-eabi-gcc -c --specs=nosys.specs -mcpu=cortex-m4 -mthumb -mno-thumb-interwork -mfpu=vfp -msoft-float -mfix-cortex-m3-ldrd  conftest.c >&5
configure:3238: $? = 0
configure:3247: result: yes
configure:3256: checking whether arm-none-eabi-gcc accepts -g
configure:3276: arm-none-eabi-gcc -c -g  conftest.c >&5
configure:3276: $? = 0
configure:3317: result: yes
configure:3334: checking for arm-none-eabi-gcc option to accept ISO C89
configure:3397: arm-none-eabi-gcc  -c --specs=nosys.specs -mcpu=cortex-m4 -mthumb -mno-thumb-interwork -mfpu=vfp -msoft-float -mfix-cortex-m3-ldrd  conftest.c >&5
configure:3397: $? = 0
configure:3410: result: none needed
configure:3435: checking whether arm-none-eabi-gcc understands -c and -o together
configure:3457: arm-none-eabi-gcc -c conftest.c -o conftest2.o
configure:3460: $? = 0
configure:3457: arm-none-eabi-gcc -c conftest.c -o conftest2.o
configure:3460: $? = 0
configure:3472: result: yes
configure:3492: checking whether make supports the include directive
configure:3507: make -f confmf.GNU && cat confinc.out
this is the am__doit target
configure:3510: $? = 0
configure:3529: result: yes (GNU style)
configure:3554: checking dependency style of arm-none-eabi-gcc
configure:3665: result: gcc3
configure:3689: checking dependency style of arm-none-eabi-gcc
configure:3798: result: gcc3
configure:3818: checking for arm-ranlib
configure:3848: result: no
configure:3858: checking for ranlib
configure:3874: found /usr/bin/ranlib
configure:3885: result: ranlib
configure:3897: WARNING: using cross tools not prefixed with host triplet
configure:3914: checking how to run the C preprocessor
configure:3945: arm-none-eabi-gcc -E  conftest.c
configure:3945: $? = 0
configure:3959: arm-none-eabi-gcc -E  conftest.c
conftest.c:11:28: fatal error: ac_nonexistent.h: No such file or directory
 #include <ac_nonexistent.h>
                            ^
compilation terminated.
configure:3959: $? = 1
configure: failed program was:
| /* confdefs.h */
| #define PACKAGE_NAME "stm32f4_bin"
| #define PACKAGE_TARNAME "stm32f4_bin"
| #define PACKAGE_VERSION "1.0"
| #define PACKAGE_STRING "stm32f4_bin 1.0"
| #define PACKAGE_BUGREPORT "BUG-REPORT-ADDRESS"
| #define PACKAGE_URL ""
| #define PACKAGE "stm32f4_bin"
| #define VERSION "1.0"
| /* end confdefs.h.  */
| #include <ac_nonexistent.h>
configure:3984: result: arm-none-eabi-gcc -E
configure:4004: arm-none-eabi-gcc -E  conftest.c
configure:4004: $? = 0
configure:4018: arm-none-eabi-gcc -E  conftest.c
conftest.c:11:28: fatal error: ac_nonexistent.h: No such file or directory
 #include <ac_nonexistent.h>
                            ^
compilation terminated.
configure:4018: $? = 1
configure: failed program was:
| /* confdefs.h */
| #define PACKAGE_NAME "stm32f4_bin"
| #define PACKAGE_TARNAME "stm32f4_bin"
| #define PACKAGE_VERSION "1.0"
| #define PACKAGE_STRING "stm32f4_bin 1.0"
| #define PACKAGE_BUGREPORT "BUG-REPORT-ADDRESS"
| #define PACKAGE_URL ""
| #define PACKAGE "stm32f4_bin"
| #define VERSION "1.0"
| /* end confdefs.h.  */
| #include <ac_nonexistent.h>
configure:4047: checking for grep that handles long lines and -e
configure:4105: result: /bin/grep
configure:4110: checking for egrep
configure:4172: result: /bin/grep -E
configure:4177: checking for ANSI C header files
configure:4197: arm-none-eabi-gcc -c --specs=nosys.specs -mcpu=cortex-m4 -mthumb -mno-thumb-interwork -mfpu=vfp -msoft-float -mfix-cortex-m3-ldrd  conftest.c >&5
configure:4197: $? = 0
configure:4281: result: yes
configure:4294: checking for sys/types.h
configure:4294: arm-none-eabi-gcc -c --specs=nosys.specs -mcpu=cortex-m4 -mthumb -mno-thumb-interwork -mfpu=vfp -msoft-float -mfix-cortex-m3-ldrd  conftest.c >&5
configure:4294: $? = 0
configure:4294: result: yes
configure:4294: checking for sys/stat.h
configure:4294: arm-none-eabi-gcc -c --specs=nosys.specs -mcpu=cortex-m4 -mthumb -mno-thumb-interwork -mfpu=vfp -msoft-float -mfix-cortex-m3-ldrd  conftest.c >&5
configure:4294: $? = 0
configure:4294: result: yes
configure:4294: checking for stdlib.h
configure:4294: arm-none-eabi-gcc -c --specs=nosys.specs -mcpu=cortex-m4 -mthumb -mno-thumb-interwork -mfpu=vfp -msoft-float -mfix-cortex-m3-ldrd  conftest.c >&5
configure:4294: $? = 0
configure:4294: result: yes
configure:4294: checking for string.h
configure:4294: arm-none-eabi-gcc -c --specs=nosys.specs -mcpu=cortex-m4 -mthumb -mno-thumb-interwork -mfpu=vfp -msoft-float -mfix-cortex-m3-ldrd  conftest.c >&5
configure:4294: $? = 0
configure:4294: result: yes
configure:4294: checking for memory.h
configure:4294: arm-none-eabi-gcc -c --specs=nosys.specs -mcpu=cortex-m4 -mthumb -mno-thumb-interwork -mfpu=vfp -msoft-float -mfix-cortex-m3-ldrd  conftest.c >&5
configure:4294: $? = 0
configure:4294: result: yes
configure:4294: checking for strings.h
configure:4294: arm-none-eabi-gcc -c --specs=nosys.specs -mcpu=cortex-m4 -mthumb -mno-thumb-interwork -mfpu=vfp -msoft-float -mfix-cortex-m3-ldrd  conftest.c >&5
configure:4294: $? = 0
configure:4294: result: yes
configure:4294: checking for inttypes.h
configure:4294: arm-none-eabi-gcc -c --specs=nosys.specs -mcpu=cortex-m4 -mthumb -mno-thumb-interwork -mfpu=vfp -msoft-float -mfix-cortex-m3-ldrd  conftest.c >&5
configure:4294: $? = 0
configure:4294: result: yes
configure:4294: checking for stdint.h
configure:4294: arm-none-eabi-gcc -c --specs=nosys.specs -mcpu=cortex-m4 -mthumb -mno-thumb-interwork -mfpu=vfp -msoft-float -mfix-cortex-m3-ldrd  conftest.c >&5
configure:4294: $? = 0
configure:4294: result: yes
configure:4294: checking for unistd.h
configure:4294: arm-none-eabi-gcc -c --specs=nosys.specs -mcpu=cortex-m4 -mthumb -mno-thumb-interwork -mfpu=vfp -msoft-float -mfix-cortex-m3-ldrd  conftest.c >&5
configure:4294: $? = 0
configure:4294: result: yes
configure:4308: checking stddef.h usability
configure:4308: arm-none-eabi-gcc -c --specs=nosys.specs -mcpu=cortex-m4 -mthumb -mno-thumb-interwork -mfpu=vfp -msoft-float -mfix-cortex-m3-ldrd  conftest.c >&5
configure:4308: $? = 0
configure:4308: result: yes
configure:4308: checking stddef.h presence
configure:4308: arm-none-eabi-gcc -E  conftest.c
configure:4308: $? = 0
configure:4308: result: yes
configure:4308: checking for stddef.h
configure:4308: result: yes
configure:4319: checking for obstacks
configure:4340: arm-none-eabi-gcc -o conftest --specs=nosys.specs -mcpu=cortex-m4 -mthumb -mno-thumb-interwork -mfpu=vfp -msoft-float -mfix-cortex-m3-ldrd   conftest.c  >&5
conftest.c:55:29: fatal error: obstack.h: No such file or directory
         #include "obstack.h"
                             ^
compilation terminated.
configure:4340: $? = 1
configure: failed program was:
| /* confdefs.h */
| #define PACKAGE_NAME "stm32f4_bin"
| #define PACKAGE_TARNAME "stm32f4_bin"
| #define PACKAGE_VERSION "1.0"
| #define PACKAGE_STRING "stm32f4_bin 1.0"
| #define PACKAGE_BUGREPORT "BUG-REPORT-ADDRESS"
| #define PACKAGE_URL ""
| #define PACKAGE "stm32f4_bin"
| #define VERSION "1.0"
| #define STDC_HEADERS 1
| #define HAVE_SYS_TYPES_H 1
| #define HAVE_SYS_STAT_H 1
| #define HAVE_STDLIB_H 1
| #define HAVE_STRING_H 1
| #define HAVE_MEMORY_H 1
| #define HAVE_STRINGS_H 1
| #define HAVE_INTTYPES_H 1
| #define HAVE_STDINT_H 1
| #define HAVE_UNISTD_H 1
| #define HAVE_STDDEF_H 1
| /* end confdefs.h.  */
| #include <stdio.h>
| #ifdef HAVE_SYS_TYPES_H
| # include <sys/types.h>
| #endif
| #ifdef HAVE_SYS_STAT_H
| # include <sys/stat.h>
| #endif
| #ifdef STDC_HEADERS
| # include <stdlib.h>
| # include <stddef.h>
| #else
| # ifdef HAVE_STDLIB_H
| #  include <stdlib.h>
| # endif
| #endif
| #ifdef HAVE_STRING_H
| # if !defined STDC_HEADERS && defined HAVE_MEMORY_H
| #  include <memory.h>
| # endif
| # include <string.h>
| #endif
| #ifdef HAVE_STRINGS_H
| # include <strings.h>
| #endif
| #ifdef HAVE_INTTYPES_H
| # include <inttypes.h>
| #endif
| #ifdef HAVE_STDINT_H
| # include <stdint.h>
| #endif
| #ifdef HAVE_UNISTD_H
| # include <unistd.h>
| #endif
| 		      #include "obstack.h"
| int
| main ()
| {
| struct obstack mem;
| 		       #define obstack_chunk_alloc malloc
| 		       #define obstack_chunk_free free
| 		       obstack_init (&mem);
| 		       obstack_free (&mem, 0);
|   ;
|   return 0;
| }
configure:4348: result: no
configure:4363: checking for off_t
configure:4363: arm-none-eabi-gcc -c --specs=nosys.specs -mcpu=cortex-m4 -mthumb -mno-thumb-interwork -mfpu=vfp -msoft-float -mfix-cortex-m3-ldrd  conftest.c >&5
configure:4363: $? = 0
configure:4363: arm-none-eabi-gcc -c --specs=nosys.specs -mcpu=cortex-m4 -mthumb -mno-thumb-interwork -mfpu=vfp -msoft-float -mfix-cortex-m3-ldrd  conftest.c >&5
conftest.c: In function 'main':
conftest.c:58:20: error: expected expression before ')' token
 if (sizeof ((off_t)))
                    ^
configure:4363: $? = 1
configure: failed program was:
| /* confdefs.h */
| #define PACKAGE_NAME "stm32f4_bin"
| #define PACKAGE_TARNAME "stm32f4_bin"
| #define PACKAGE_VERSION "1.0"
| #define PACKAGE_STRING "stm32f4_bin 1.0"
| #define PACKAGE_BUGREPORT "BUG-REPORT-ADDRESS"
| #define PACKAGE_URL ""
| #define PACKAGE "stm32f4_bin"
| #define VERSION "1.0"
| #define STDC_HEADERS 1
| #define HAVE_SYS_TYPES_H 1
| #define HAVE_SYS_STAT_H 1
| #define HAVE_STDLIB_H 1
| #define HAVE_STRING_H 1
| #define HAVE_MEMORY_H 1
| #define HAVE_STRINGS_H 1
| #define HAVE_INTTYPES_H 1
| #define HAVE_STDINT_H 1
| #define HAVE_UNISTD_H 1
| #define HAVE_STDDEF_H 1
| /* end confdefs.h.  */
| #include <stdio.h>
| #ifdef HAVE_SYS_TYPES_H
| # include <sys/types.h>
| #endif
| #ifdef HAVE_SYS_STAT_H
| # include <sys/stat.h>
| #endif
| #ifdef STDC_HEADERS
| # include <stdlib.h>
| # include <stddef.h>
| #else
| # ifdef HAVE_STDLIB_H
| #  include <stdlib.h>
| # endif
| #endif
| #ifdef HAVE_STRING_H
| # if !defined STDC_HEADERS && defined HAVE_MEMORY_H
| #  include <memory.h>
| # endif
| # include <string.h>
| #endif
| #ifdef HAVE_STRINGS_H
| # include <strings.h>
| #endif
| #ifdef HAVE_INTTYPES_H
| # include <inttypes.h>
| #endif
| #ifdef HAVE_STDINT_H
| # include <stdint.h>
| #endif
| #ifdef HAVE_UNISTD_H
| # include <unistd.h>
| #endif
| int
| main ()
| {
| if (sizeof ((off_t)))
| 	    return 0;
|   ;
|   return 0;
| }
configure:4363: result: yes
configure:4374: checking for size_t
configure:4374: arm-none-eabi-gcc -c --specs=nosys.specs -mcpu=cortex-m4 -mthumb -mno-thumb-interwork -mfpu=vfp -msoft-float -mfix-cortex-m3-ldrd  conftest.c >&5
configure:4374: $? = 0
configure:4374: arm-none-eabi-gcc -c --specs=nosys.specs -mcpu=cortex-m4 -mthumb -mno-thumb-interwork -mfpu=vfp -msoft-float -mfix-cortex-m3-ldrd  conftest.c >&5
conftest.c: In function 'main':
conftest.c:58:21: error: expected expression before ')' token
 if (sizeof ((size_t)))
                     ^
configure:4374: $? = 1
configure: failed program was:
| /* confdefs.h */
| #define PACKAGE_NAME "stm32f4_bin"
| #define PACKAGE_TARNAME "stm32f4_bin"
| #define PACKAGE_VERSION "1.0"
| #define PACKAGE_STRING "stm32f4_bin 1.0"
| #define PACKAGE_BUGREPORT "BUG-REPORT-ADDRESS"
| #define PACKAGE_URL ""
| #define PACKAGE "stm32f4_bin"
| #define VERSION "1.0"
| #define STDC_HEADERS 1
| #define HAVE_SYS_TYPES_H 1
| #define HAVE_SYS_STAT_H 1
| #define HAVE_STDLIB_H 1
| #define HAVE_STRING_H 1
| #define HAVE_MEMORY_H 1
| #define HAVE_STRINGS_H 1
| #define HAVE_INTTYPES_H 1
| #define HAVE_STDINT_H 1
| #define HAVE_UNISTD_H 1
| #define HAVE_STDDEF_H 1
| /* end confdefs.h.  */
| #include <stdio.h>
| #ifdef HAVE_SYS_TYPES_H
| # include <sys/types.h>
| #endif
| #ifdef HAVE_SYS_STAT_H
| # include <sys/stat.h>
| #endif
| #ifdef STDC_HEADERS
| # include <stdlib.h>
| # include <stddef.h>
| #else
| # ifdef HAVE_STDLIB_H
| #  include <stdlib.h>
| # endif
| #endif
| #ifdef HAVE_STRING_H
| # if !defined STDC_HEADERS && defined HAVE_MEMORY_H
| #  include <memory.h>
| # endif
| # include <string.h>
| #endif
| #ifdef HAVE_STRINGS_H
| # include <strings.h>
| #endif
| #ifdef HAVE_INTTYPES_H
| # include <inttypes.h>
| #endif
| #ifdef HAVE_STDINT_H
| # include <stdint.h>
| #endif
| #ifdef HAVE_UNISTD_H
| # include <unistd.h>
| #endif
| int
| main ()
| {
| if (sizeof ((size_t)))
| 	    return 0;
|   ;
|   return 0;
| }
configure:4374: result: yes
configure:4385: checking for ssize_t
configure:4385: arm-none-eabi-gcc -c --specs=nosys.specs -mcpu=cortex-m4 -mthumb -mno-thumb-interwork -mfpu=vfp -msoft-float -mfix-cortex-m3-ldrd  conftest.c >&5
configure:4385: $? = 0
configure:4385: arm-none-eabi-gcc -c --specs=nosys.specs -mcpu=cortex-m4 -mthumb -mno-thumb-interwork -mfpu=vfp -msoft-float -mfix-cortex-m3-ldrd  conftest.c >&5
conftest.c: In function 'main':
conftest.c:58:22: error: expected expression before ')' token
 if (sizeof ((ssize_t)))
                      ^
configure:4385: $? = 1
configure: failed program was:
| /* confdefs.h */
| #define PACKAGE_NAME "stm32f4_bin"
| #define PACKAGE_TARNAME "stm32f4_bin"
| #define PACKAGE_VERSION "1.0"
| #define PACKAGE_STRING "stm32f4_bin 1.0"
| #define PACKAGE_BUGREPORT "BUG-REPORT-ADDRESS"
| #define PACKAGE_URL ""
| #define PACKAGE "stm32f4_bin"
| #define VERSION "1.0"
| #define STDC_HEADERS 1
| #define HAVE_SYS_TYPES_H 1
| #define HAVE_SYS_STAT_H 1
| #define HAVE_STDLIB_H 1
| #define HAVE_STRING_H 1
| #define HAVE_MEMORY_H 1
| #define HAVE_STRINGS_H 1
| #define HAVE_INTTYPES_H 1
| #define HAVE_STDINT_H 1
| #define HAVE_UNISTD_H 1
| #define HAVE_STDDEF_H 1
| /* end confdefs.h.  */
| #include <stdio.h>
| #ifdef HAVE_SYS_TYPES_H
| # include <sys/types.h>
| #endif
| #ifdef HAVE_SYS_STAT_H
| # include <sys/stat.h>
| #endif
| #ifdef STDC_HEADERS
| # include <stdlib.h>
| # include <stddef.h>
| #else
| # ifdef HAVE_STDLIB_H
| #  include <stdlib.h>
| # endif
| #endif
| #ifdef HAVE_STRING_H
| # if !defined STDC_HEADERS && defined HAVE_MEMORY_H
| #  include <memory.h>
| # endif
| # include <string.h>
| #endif
| #ifdef HAVE_STRINGS_H
| # include <strings.h>
| #endif
| #ifdef HAVE_INTTYPES_H
| # include <inttypes.h>
| #endif
| #ifdef HAVE_STDINT_H
| # include <stdint.h>
| #endif
| #ifdef HAVE_UNISTD_H
| # include <unistd.h>
| #endif
| int
| main ()
| {
| if (sizeof ((ssize_t)))
| 	    return 0;
|   ;
|   return 0;
| }
configure:4385: result: yes
configure:4398: checking for _LARGEFILE_SOURCE value needed for large files
configure:4417: arm-none-eabi-gcc -o conftest --specs=nosys.specs -mcpu=cortex-m4 -mthumb -mno-thumb-interwork -mfpu=vfp -msoft-float -mfix-cortex-m3-ldrd   conftest.c  >&5
configure:4417: $? = 0
configure:4445: result: no
configure:4470: checking for getdelim
configure:4470: arm-none-eabi-gcc -o conftest --specs=nosys.specs -mcpu=cortex-m4 -mthumb -mno-thumb-interwork -mfpu=vfp -msoft-float -mfix-cortex-m3-ldrd   conftest.c  >&5
/usr/lib/gcc/arm-none-eabi/6.3.1/../../../arm-none-eabi/bin/ld: /tmp/cclGSQ7D.o: in function `main':
conftest.c:(.text+0x4): undefined reference to `getdelim'
collect2: error: ld returned 1 exit status
configure:4470: $? = 1
configure: failed program was:
| /* confdefs.h */
| #define PACKAGE_NAME "stm32f4_bin"
| #define PACKAGE_TARNAME "stm32f4_bin"
| #define PACKAGE_VERSION "1.0"
| #define PACKAGE_STRING "stm32f4_bin 1.0"
| #define PACKAGE_BUGREPORT "BUG-REPORT-ADDRESS"
| #define PACKAGE_URL ""
| #define PACKAGE "stm32f4_bin"
| #define VERSION "1.0"
| #define STDC_HEADERS 1
| #define HAVE_SYS_TYPES_H 1
| #define HAVE_SYS_STAT_H 1
| #define HAVE_STDLIB_H 1
| #define HAVE_STRING_H 1
| #define HAVE_MEMORY_H 1
| #define HAVE_STRINGS_H 1
| #define HAVE_INTTYPES_H 1
| #define HAVE_STDINT_H 1
| #define HAVE_UNISTD_H 1
| #define HAVE_STDDEF_H 1
| #define HAVE_FSEEKO 1
| /* end confdefs.h.  */
| /* Define getdelim to an innocuous variant, in case <limits.h> declares getdelim.
|    For example, HP-UX 11i <limits.h> declares gettimeofday.  */
| #define getdelim innocuous_getdelim
| 
| /* System header to define __stub macros and hopefully few prototypes,
|     which can conflict with char getdelim (); below.
|     Prefer <limits.h> to <assert.h> if __STDC__ is defined, since
|     <limits.h> exists even on freestanding compilers.  */
| 
| #ifdef __STDC__
| # include <limits.h>
| #else
| # include <assert.h>
| #endif
| 
| #undef getdelim
| 
| /* Override any GCC internal prototype to avoid an error.
|    Use char because int might match the return type of a GCC
|    builtin and then its argument prototype would still apply.  */
| #ifdef __cplusplus
| extern "C"
| #endif
| char getdelim ();
| /* The GNU C library defines this for functions which it implements
|     to always fail with ENOSYS.  Some functions are actually named
|     something starting with __ and the normal name is an alias.  */
| #if defined __stub_getdelim || defined __stub___getdelim
| choke me
| #endif
| 
| int
| main ()
| {
| return getdelim ();
|   ;
|   return 0;
| }
configure:4470: result: no
configure:4589: checking that generated files are newer than configure
configure:4595: result: done
configure:4622: creating ./config.status

## ---------------------- ##
## Running config.status. ##
## ---------------------- ##

This file was extended by stm32f4_bin config.status 1.0, which was
generated by GNU Autoconf 2.69.  Invocation command line was

  CONFIG_FILES    = 
  CONFIG_HEADERS  = 
  CONFIG_LINKS    = 
  CONFIG_COMMANDS = 
  $ ./config.status 

on evildva

config.status:863: creating Makefile
config.status:863: creating spl/src/Makefile
config.status:863: creating user/Makefile
config.status:863: creating config.h
config.status:1044: config.h is unchanged
config.status:1092: executing depfiles commands
config.status:1169: cd spl/src       && sed -e '/# am--include-marker/d' Makefile         | make -f - am--depfiles
make: Nothing to be done for 'am--depfiles'.
config.status:1174: $? = 0
config.status:1169: cd user       && sed -e '/# am--include-marker/d' Makefile         | make -f - am--depfiles
make: Nothing to be done for 'am--depfiles'.
config.status:1174: $? = 0

## ---------------- ##
## Cache variables. ##
## ---------------- ##

ac_cv_c_compiler_gnu=yes
ac_cv_env_CCASFLAGS_set=
ac_cv_env_CCASFLAGS_value=
ac_cv_env_CCAS_set=
ac_cv_env_CCAS_value=
ac_cv_env_CC_set=
ac_cv_env_CC_value=
ac_cv_env_CFLAGS_set=
ac_cv_env_CFLAGS_value=
ac_cv_env_CPPFLAGS_set=
ac_cv_env_CPPFLAGS_value=
ac_cv_env_CPP_set=
ac_cv_env_CPP_value=
ac_cv_env_LDFLAGS_set=
ac_cv_env_LDFLAGS_value=
ac_cv_env_LIBS_set=
ac_cv_env_LIBS_value=
ac_cv_env_build_alias_set=
ac_cv_env_build_alias_value=
ac_cv_env_host_alias_set=set
ac_cv_env_host_alias_value=arm
ac_cv_env_target_alias_set=
ac_cv_env_target_alias_value=
ac_cv_func_getdelim=no
ac_cv_func_obstack=no
ac_cv_header_inttypes_h=yes
ac_cv_header_memory_h=yes
ac_cv_header_stdc=yes
ac_cv_header_stddef_h=yes
ac_cv_header_stdint_h=yes
ac_cv_header_stdlib_h=yes
ac_cv_header_string_h=yes
ac_cv_header_strings_h=yes
ac_cv_header_sys_stat_h=yes
ac_cv_header_sys_types_h=yes
ac_cv_header_unistd_h=yes
ac_cv_objext=o
ac_cv_path_EGREP='/bin/grep -E'
ac_cv_path_GREP=/bin/grep
ac_cv_path_install='/usr/bin/install -c'
ac_cv_path_mkdir=/bin/mkdir
ac_cv_prog_AWK=mawk
ac_cv_prog_CPP='arm-none-eabi-gcc -E'
ac_cv_prog_ac_ct_CC=arm-none-eabi-gcc
ac_cv_prog_ac_ct_RANLIB=ranlib
ac_cv_prog_ac_ct_STRIP=strip
ac_cv_prog_cc_c89=
ac_cv_prog_cc_g=yes
ac_cv_prog_make_make_set=yes
ac_cv_sys_largefile_source=no
ac_cv_type_off_t=yes
ac_cv_type_size_t=yes
ac_cv_type_ssize_t=yes
am_cv_CCAS_dependencies_compiler_type=gcc3
am_cv_CC_dependencies_compiler_type=gcc3
am_cv_make_support_nested_variables=yes
am_cv_prog_cc_c_o=yes

## ----------------- ##
## Output variables. ##
## ----------------- ##

ACLOCAL='${SHELL} /home/guil/Desktop/mystm/missing aclocal-1.16'
AMDEPBACKSLASH='\'
AMDEP_FALSE='#'
AMDEP_TRUE=''
AMTAR='$${TAR-tar}'
AM_BACKSLASH='\'
AM_DEFAULT_V='$(AM_DEFAULT_VERBOSITY)'
AM_DEFAULT_VERBOSITY='1'
AM_V='$(V)'
AUTOCONF='${SHELL} /home/guil/Desktop/mystm/missing autoconf'
AUTOHEADER='${SHELL} /home/guil/Desktop/mystm/missing autoheader'
AUTOMAKE='${SHELL} /home/guil/Desktop/mystm/missing automake-1.16'
AWK='mawk'
CC='arm-none-eabi-gcc'
CCAS='arm-none-eabi-gcc'
CCASDEPMODE='depmode=gcc3'
CCASFLAGS='--specs=nosys.specs -mcpu=cortex-m4 -mthumb -mno-thumb-interwork -mfpu=vfp -msoft-float -mfix-cortex-m3-ldrd'
CCDEPMODE='depmode=gcc3'
CFLAGS='--specs=nosys.specs -mcpu=cortex-m4 -mthumb -mno-thumb-interwork -mfpu=vfp -msoft-float -mfix-cortex-m3-ldrd'
CPP='arm-none-eabi-gcc -E'
CPPFLAGS=''
CYGPATH_W='echo'
DEFS='-DHAVE_CONFIG_H'
DEPDIR='.deps'
ECHO_C=''
ECHO_N='-n'
ECHO_T=''
EGREP='/bin/grep -E'
EXEEXT=''
GREP='/bin/grep'
INSTALL_DATA='${INSTALL} -m 644'
INSTALL_PROGRAM='${INSTALL}'
INSTALL_SCRIPT='${INSTALL}'
INSTALL_STRIP_PROGRAM='$(install_sh) -c -s'
LDFLAGS=''
LIBOBJS=' ${LIBOBJDIR}obstack$U.o'
LIBS=''
LTLIBOBJS=' ${LIBOBJDIR}obstack$U.lo'
MAKEINFO='${SHELL} /home/guil/Desktop/mystm/missing makeinfo'
MKDIR_P='/bin/mkdir -p'
OBJEXT='o'
PACKAGE='stm32f4_bin'
PACKAGE_BUGREPORT='BUG-REPORT-ADDRESS'
PACKAGE_NAME='stm32f4_bin'
PACKAGE_STRING='stm32f4_bin 1.0'
PACKAGE_TARNAME='stm32f4_bin'
PACKAGE_URL=''
PACKAGE_VERSION='1.0'
PATH_SEPARATOR=':'
RANLIB='ranlib'
SET_MAKE=''
SHELL='/bin/bash'
STRIP='strip'
VERSION='1.0'
ac_ct_CC='arm-none-eabi-gcc'
am__EXEEXT_FALSE=''
am__EXEEXT_TRUE='#'
am__fastdepCCAS_FALSE='#'
am__fastdepCCAS_TRUE=''
am__fastdepCC_FALSE='#'
am__fastdepCC_TRUE=''
am__include='include'
am__isrc=''
am__leading_dot='.'
am__nodep='_no'
am__quote=''
am__tar='$${TAR-tar} chof - "$$tardir"'
am__untar='$${TAR-tar} xf -'
bindir='${exec_prefix}/bin'
build_alias=''
datadir='${datarootdir}'
datarootdir='${prefix}/share'
docdir='${datarootdir}/doc/${PACKAGE_TARNAME}'
dvidir='${docdir}'
exec_prefix='${prefix}'
host_alias='arm'
htmldir='${docdir}'
includedir='${prefix}/include'
infodir='${datarootdir}/info'
install_sh='${SHELL} /home/guil/Desktop/mystm/install-sh'
libdir='${exec_prefix}/lib'
libexecdir='${exec_prefix}/libexec'
localedir='${datarootdir}/locale'
localstatedir='${prefix}/var'
mandir='${datarootdir}/man'
mkdir_p='$(MKDIR_P)'
oldincludedir='/usr/include'
pdfdir='${docdir}'
prefix='/usr/local'
program_transform_name='s,x,x,'
psdir='${docdir}'
runstatedir='${localstatedir}/run'
sbindir='${exec_prefix}/sbin'
sharedstatedir='${prefix}/com'
sysconfdir='${prefix}/etc'
target_alias=''

## ----------- ##
## confdefs.h. ##
## ----------- ##

/* confdefs.h */
#define PACKAGE_NAME "stm32f4_bin"
#define PACKAGE_TARNAME "stm32f4_bin"
#define PACKAGE_VERSION "1.0"
#define PACKAGE_STRING "stm32f4_bin 1.0"
#define PACKAGE_BUGREPORT "BUG-REPORT-ADDRESS"
#define PACKAGE_URL ""
#define PACKAGE "stm32f4_bin"
#define VERSION "1.0"
#define STDC_HEADERS 1
#define HAVE_SYS_TYPES_H 1
#define HAVE_SYS_STAT_H 1
#define HAVE_STDLIB_H 1
#define HAVE_STRING_H 1
#define HAVE_MEMORY_H 1
#define HAVE_STRINGS_H 1
#define HAVE_INTTYPES_H 1
#define HAVE_STDINT_H 1
#define HAVE_UNISTD_H 1
#define HAVE_STDDEF_H 1
#define HAVE_FSEEKO 1

configure: exit 0
